#
# An unexpected error has been detected by HotSpot Virtual Machine:
#
#  Internal Error (4F533F4C494E55583F491418160E4350500385), pid=10485, tid=4149532352
#
# Java VM: Java HotSpot(TM) Client VM (1.4.2_19-b04 mixed mode)

---------------  T H R E A D  ---------------

Current thread is native thread

Stack: 
[error occurred during error reporting, step 110, id 0xe0000000]


[error occurred during error reporting, step 120, id 0xb]


---------------  P R O C E S S  ---------------

Java Threads: ( => current thread )

Other Threads:

VM state:not at safepoint (not fully initilizated)

VM Mutex/Monitor currently owned by a thread: None

Heap

[error occurred during error reporting, step 190, id 0xb]

Dynamic libraries:
Can not get library information for pid = 10485

VM Arguments:
jvm_args: -Djava.awt.headless=true
java_command: com.sun.midp.skinromization.SkinRomizationTool -xml /root/dev/caanoo/phoneME-SDL-1.0.1-src/phoneme_feature/build_output/midp/generated/merged.xml -imagedir /root/dev/caanoo/phoneME-SDL-1.0.1-src/phoneme_feature/midp/build/linux_sdl_gcc/../../src/highlevelui/lcdlf/lfjava/resource/skin -outbin /root/dev/caanoo/phoneME-SDL-1.0.1-src/phoneme_feature/build_output/midp/generated/lib/skin.bin -outc /root/dev/caanoo/phoneME-SDL-1.0.1-src/phoneme_feature/build_output/midp/generated/lfj_image_rom.c
Launcher Type: SUN_STANDARD

Environment Variables:
JAVA_HOME=/opt/java
PATH=/root/dev/j2sdk1.4.2_19/bin:/usr/local/bin:/usr/bin:/bin:/usr/local/sbin:/usr/sbin:/sbin:/opt/java/bin:/opt/java/db/bin:/opt/java/jre/bin:/opt/kde/bin:/usr/local/bin:/usr/local/sbin:/usr/bin/vendor_perl:/usr/bin/core_perl:/opt/qt/bin:/home/baro/mybin/:/usr/bin/vendor_perl/:/home/baro/mybin/:/usr/bin/vendor_perl/
LD_LIBRARY_PATH=/root/dev/j2sdk1.4.2_19/jre/lib/i386/client:/root/dev/j2sdk1.4.2_19/jre/lib/i386:/root/dev/j2sdk1.4.2_19/jre/../lib/i386
SHELL=/bin/bash
DISPLAY=:0.0


---------------  S Y S T E M  ---------------

OS:Linux
uname:Linux 3.2.12-1-ARCH #1 SMP PREEMPT Mon Mar 19 17:50:01 CET 2012 i686
libc:glibc 2.15 NPTL 2.15 
rlimit: STACK 8192k, CORE 0k, NPROC 128230, NOFILE 4096, AS infinity
load average:-60227397181966216119589271171013053771030317773987904663830534615022220220355734415318024637247635147757847615733359140832348469162676298437280887599704765943082521051102482573109932790786208543640202742190433308256782379412859071097749860754126909547144629694183601422914857124778125907646092989452896960512.00 0.00 -60219853780162610999942396389398294679479278346531006383078496024850187927545347617853859372331085765877206422669760404400284808819008826139988768292476036065157110300058383725756139330102601097084106513994917616290030822917715902611135336987856610311436240918104666469532082995942570869558590725934356103168.00

CPU:total 1 

Memory: 4k page, physical 4008k(3651k free), swap 3249k(3249k free)

vm_info: Java HotSpot(TM) Client VM (1.4.2_19-b04) for linux-x86, built on Nov  9 2008 22:21:09 by unknown with unknown compiler

