#
# An unexpected error has been detected by HotSpot Virtual Machine:
#
#  Internal Error (4F533F4C494E55583F491418160E4350500385), pid=10357, tid=4149749440
#
# Java VM: Java HotSpot(TM) Client VM (1.4.2_19-b04 mixed mode)

---------------  T H R E A D  ---------------

Current thread is native thread

Stack: 
[error occurred during error reporting, step 110, id 0xe0000000]


[error occurred during error reporting, step 120, id 0xb]


---------------  P R O C E S S  ---------------

Java Threads: ( => current thread )

Other Threads:

VM state:not at safepoint (not fully initilizated)

VM Mutex/Monitor currently owned by a thread: None

Heap

[error occurred during error reporting, step 190, id 0xb]

Dynamic libraries:
Can not get library information for pid = 10357

VM Arguments:
java_command: <unknown>
Launcher Type: SUN_STANDARD

Environment Variables:
JAVA_HOME=/opt/java
PATH=/root/dev/j2sdk1.4.2_19/bin:/usr/local/bin:/usr/bin:/bin:/usr/local/sbin:/usr/sbin:/sbin:/opt/java/bin:/opt/java/db/bin:/opt/java/jre/bin:/opt/kde/bin:/usr/local/bin:/usr/local/sbin:/usr/bin/vendor_perl:/usr/bin/core_perl:/opt/qt/bin:/home/baro/mybin/:/usr/bin/vendor_perl/:/home/baro/mybin/:/usr/bin/vendor_perl/
LD_LIBRARY_PATH=/root/dev/j2sdk1.4.2_19/jre/lib/i386/client:/root/dev/j2sdk1.4.2_19/jre/lib/i386:/root/dev/j2sdk1.4.2_19/jre/../lib/i386
SHELL=/bin/bash
DISPLAY=:0.0


---------------  S Y S T E M  ---------------

OS:Linux
uname:Linux 3.2.12-1-ARCH #1 SMP PREEMPT Mon Mar 19 17:50:01 CET 2012 i686
libc:glibc 2.15 NPTL 2.15 
rlimit: STACK 8192k, CORE 0k, NPROC 128230, NOFILE 4096, AS infinity
load average:-7200114410774700321007732245390183816327613544085944372673934587112167575333667283471618140832528279297476756108533591604626255084500592667966786280963422240484045901876214253951443177539064534213455996733577226981700566353589410011756700022122502368513647882987200690492144150285464527875922717278981849088.00 0.00 -7199171485549249681051872897688338929883733615653832087579929763340663538732368933788597482717959606562396606975583749550618297541542158630805271367559831005743369557995701898032218994953613603393943968209137765485856621791696513950929884551338714964050099285977333821319297384181020148114984934339164241920.00

CPU:total 1 

Memory: 4k page, physical 4008k(3650k free), swap 3249k(3249k free)

vm_info: Java HotSpot(TM) Client VM (1.4.2_19-b04) for linux-x86, built on Nov  9 2008 22:21:09 by unknown with unknown compiler

