#
# An unexpected error has been detected by HotSpot Virtual Machine:
#
#  Internal Error (4F533F4C494E55583F491418160E4350500385), pid=5763, tid=4149614272
#
# Java VM: Java HotSpot(TM) Client VM (1.4.2_19-b04 mixed mode)

---------------  T H R E A D  ---------------

Current thread is native thread

Stack: 
[error occurred during error reporting, step 110, id 0xe0000000]


[error occurred during error reporting, step 120, id 0xb]


---------------  P R O C E S S  ---------------

Java Threads: ( => current thread )

Other Threads:

VM state:not at safepoint (not fully initilizated)

VM Mutex/Monitor currently owned by a thread: None

Heap

[error occurred during error reporting, step 190, id 0xb]

Dynamic libraries:
Can not get library information for pid = 5763

VM Arguments:
java_command: <unknown>
Launcher Type: SUN_STANDARD

Environment Variables:
JAVA_HOME=/opt/java
PATH=/root/dev/j2sdk1.4.2_19/bin:/usr/local/bin:/usr/bin:/bin:/usr/local/sbin:/usr/sbin:/sbin:/opt/java/bin:/opt/java/db/bin:/opt/java/jre/bin:/opt/kde/bin:/usr/local/bin:/usr/local/sbin:/usr/bin/vendor_perl:/usr/bin/core_perl:/opt/qt/bin:/home/baro/mybin/:/usr/bin/vendor_perl/:/home/baro/mybin/:/usr/bin/vendor_perl/
LD_LIBRARY_PATH=/root/dev/j2sdk1.4.2_19/jre/lib/i386/client:/root/dev/j2sdk1.4.2_19/jre/lib/i386:/root/dev/j2sdk1.4.2_19/jre/../lib/i386
SHELL=/bin/bash
DISPLAY=:0.0


---------------  S Y S T E M  ---------------

OS:Linux
uname:Linux 3.2.12-1-ARCH #1 SMP PREEMPT Mon Mar 19 17:50:01 CET 2012 i686
libc:glibc 2.15 NPTL 2.15 
rlimit: STACK 8192k, CORE 0k, NPROC 128230, NOFILE 4096, AS infinity
load average:-14138952162435884039776414267440116057573229894762854865545610173311838368278838821584314620419610782699485099116795724068604112666116388357023543037426903965910746186353846301052563436003885037088120388375153457561843329253401394740853485159757200648761410170210089588342328638760018571349088087630344617984.00 0.00 -14137066311984982759864695572036426284685470037898630295357600525768830295076242122218273304190473437229324800850896039960588197580199520282700513210619721496429393498592821589214115070832983175449096331326274534570155440129615602619199854218189625839834312976190355849996635106551129811827212521750709403648.00

CPU:total 1 

Memory: 4k page, physical 4008k(3656k free), swap 3249k(3249k free)

vm_info: Java HotSpot(TM) Client VM (1.4.2_19-b04) for linux-x86, built on Nov  9 2008 22:21:09 by unknown with unknown compiler

